Date: July 15, 20XX
Location: Abyssal Rift - Coordinates: 34°12' N, 126°45' W
Team: Dr. Olivia Reed (Oceanographer), Dr. Marcus Kane (Marine Biologist), Captain Ava Williams (Submersible Pilot), Engineer Raj Patel, Technician Lisa Anderson

Mission Summary:
Today marked the beginning of our groundbreaking expedition into the Abyssal Rift, one of the deepest and most unexplored regions of the ocean. Our team, comprised of seasoned researchers and engineers, embarked aboard the advanced submersible "Abyss Voyager." Our primary objective is to document the unique ecosystem that is believed to thrive at these extreme depths.

Entry 1:
The submersible descended smoothly through the initial layers of darkness, its powerful floodlights revealing a desolate landscape of uneven rocky terrain. Dr. Kane and I were captivated by the bioluminescent organisms that illuminated the surroundings like a cosmic spectacle. Preliminary water samples indicated some unusual chemical compositions, warranting further analysis upon our return.

Entry 2:
As we delved deeper into the Rift, the pressure began to mount. Captain Williams skillfully navigated through a series of underwater canyons, revealing a surprising diversity of marine life clinging to the rocky walls. Colorful corals and mysterious gelatinous creatures coated the surfaces, defying conventional expectations of life at these crushing depths.

Entry 3:
Our communication with the surface became sporadic as we ventured into an area of increased electromagnetic interference. Engineer Patel worked tirelessly to maintain the submersible's systems, while Technician Anderson managed to restore partial contact with the research vessel. We proceeded with caution, hoping to uncover the source of this interference.

Entry 4:
Deeper still, we discovered an expansive underwater cave system. Dr. Kane's excitement was palpable as he noted the presence of ancient fossilized remains, suggesting a potential link to a prehistoric marine ecosystem. The walls of the caves seemed to shimmer with an otherworldly iridescence, baffling our understanding of the geological processes at play.

Entry 5:
As we pushed the submersible's limits, we found ourselves in a vast cavern with an almost luminescent liquid filling the chamber. Initial tests indicated that this fluid possessed properties unlike any known substance, emitting energy readings that bordered on science fiction. We carefully collected samples, eager to unravel its mysteries.

Entry 6:
Our return journey was met with unexpected challenges. The submersible's systems began to falter, and communication with the surface was lost. With limited power and dwindling oxygen reserves, we initiated an emergency ascent. The ascent was agonizingly slow, but the brilliant display of bioluminescence provided some solace in the face of uncertainty.

Entry 7:
Against all odds, we breached the surface, greeted by the sight of our research vessel and an anxious crew. The samples we collected, along with the data logs and Dr. Kane's sketches, hold the promise of rewriting oceanography textbooks. Our expedition into the Abyssal Rift was a resounding success, unveiling an enigmatic world that challenges everything we thought we knew about life and the depths of the ocean.

Closing Note:
This log serves as a testament to the indomitable spirit of human curiosity and exploration. The Abyssal Rift expedition will undoubtedly inspire generations to come, fueling a relentless pursuit of knowledge and understanding in the uncharted corners of our planet.
192.168.198.92 - - [22/Dec/2002:23:08:37 -0400] "GET 
   / HTTP/1.1" 200 6394 www.yahoo.com 
   "-" "Mozilla/4.0 (compatible; MSIE 6.0; Windows NT 5.1...)" "-"
192.168.198.92 - - [22/Dec/2002:23:08:38 -0400] "GET 
   /images/logo.gif HTTP/1.1" 200 807 www.yahoo.com 
   "http://www.some.com/" "Mozilla/4.0 (compatible; MSIE 6...)" "-"
192.168.72.177 - - [22/Dec/2002:23:32:14 -0400] "GET 
   /news/sports.html HTTP/1.1" 200 3500 www.yahoo.com 
   "http://www.some.com/" "Mozilla/4.0 (compatible; MSIE ...)" "-"
192.168.72.177 - - [22/Dec/2002:23:32:14 -0400] "GET 
   /favicon.ico HTTP/1.1" 404 1997 www.yahoo.com 
   "-" "Mozilla/5.0 (Windows; U; Windows NT 5.1; rv:1.7.3)..." "-"
192.168.72.177 - - [22/Dec/2002:23:32:15 -0400] "GET 
   /style.css HTTP/1.1" 200 4138 www.yahoo.com 
   "http://www.yahoo.com/index.html" "Mozilla/5.0 (Windows..." "-"
192.168.72.177 - - [22/Dec/2002:23:32:16 -0400] "GET 
   /js/ads.js HTTP/1.1" 200 10229 www.yahoo.com 
   "http://www.search.com/index.html" "Mozilla/5.0 (Windows..." "-"
192.168.72.177 - - [22/Dec/2002:23:32:19 -0400] "GET 
   /search.php HTTP/1.1" 400 1997 www.yahoo.com 
   "-" "Mozilla/4.0 (compatible; MSIE 6.0; Windows NT 5.1; ...)" "-"

